[0.000][INFO]:      ChromeDriver 26.0.1383.0 /usr/bin/chromedriver
[0.266][FINE]:      Initializing session with capabilities {
   "browserName": "chrome",
   "chrome.detach": true,
   "chromeOptions": {
      "detach": true
   },
   "cssSelectorsEnabled": true,
   "javascriptEnabled": true,
   "nativeEvents": false,
   "platform": "ANY",
   "rotatable": false,
   "takesScreenshot": false,
   "version": ""
}

[0.267][INFO]:      Using named testing interface
[1.327][INFO]:      Connected to Chrome successfully. Version: 25.0.1364.160
[1.368][FINE]:      Command received (/session/5b5683ce598be9ffe56a488414139f16)
[1.368][FINE]:      Command finished (/session/5b5683ce598be9ffe56a488414139f16) with response {
   "sessionId": "5b5683ce598be9ffe56a488414139f16",
   "status": 0,
   "value": {
      "acceptSslCerts": false,
      "applicationCacheEnabled": false,
      "browserConnectionEnabled": false,
      "browserName": "chrome",
      "chrome.chromedriverVersion": "26.0.1383.0",
      "cssSelectorsEnabled": true,
      "databaseEnabled": false,
      "handlesAlerts": true,
      "javascriptEnabled": true,
      "locationContextEnabled": false,
      "nativeEvents": true,
      "platform": "linux",
      "rotatable": false,
      "takesScreenshot": true,
      "version": "25.0.1364.160",
      "webStorageEnabled": true
   }
}

[1.375][FINE]:      Command received (/session/5b5683ce598be9ffe56a488414139f16/window)
[2.096][INFO]:      Chrome shutdown
