[0.000][INFO]:      ChromeDriver 26.0.1383.0 /usr/bin/chromedriver
[0.250][FINE]:      Initializing session with capabilities {
   "browserName": "chrome",
   "chrome.detach": true,
   "chromeOptions": {
      "detach": true
   },
   "cssSelectorsEnabled": true,
   "javascriptEnabled": true,
   "nativeEvents": false,
   "platform": "ANY",
   "rotatable": false,
   "takesScreenshot": false,
   "version": ""
}

[0.251][INFO]:      Using named testing interface
[1.685][INFO]:      Connected to Chrome successfully. Version: 25.0.1364.160
[2.001][FINE]:      Command received (/session/a667fff77b53bbc528aec81e78262ed7)
[2.001][FINE]:      Command finished (/session/a667fff77b53bbc528aec81e78262ed7) with response {
   "sessionId": "a667fff77b53bbc528aec81e78262ed7",
   "status": 0,
   "value": {
      "acceptSslCerts": false,
      "applicationCacheEnabled": false,
      "browserConnectionEnabled": false,
      "browserName": "chrome",
      "chrome.chromedriverVersion": "26.0.1383.0",
      "cssSelectorsEnabled": true,
      "databaseEnabled": false,
      "handlesAlerts": true,
      "javascriptEnabled": true,
      "locationContextEnabled": false,
      "nativeEvents": true,
      "platform": "linux",
      "rotatable": false,
      "takesScreenshot": true,
      "version": "25.0.1364.160",
      "webStorageEnabled": true
   }
}

[2.027][FINE]:      Command received (/session/a667fff77b53bbc528aec81e78262ed7/url) with params {
   "url": "http://en.wikipedia.org/wiki/Venezuela"
}

[2.028][FINER]:     Waiting for all views to stop loading...
[2.049][FINER]:     Done waiting for all views to stop loading
[10.395][FINER]:    Waiting for all views to stop loading...
[10.442][FINER]:    Done waiting for all views to stop loading
[10.442][FINE]:     Command finished (/session/a667fff77b53bbc528aec81e78262ed7/url) with response {
   "sessionId": "a667fff77b53bbc528aec81e78262ed7",
   "status": 0,
   "value": {

   }
}

[10.463][FINE]:     Command received (/session/a667fff77b53bbc528aec81e78262ed7/window/current/size) with params {
   "height": 768,
   "width": 1024
}

[10.463][FINER]:    Waiting for all views to stop loading...
[10.558][FINER]:    Done waiting for all views to stop loading
[10.644][FINER]:    Waiting for all views to stop loading...
[10.646][FINER]:    Done waiting for all views to stop loading
[10.646][FINE]:     Command finished (/session/a667fff77b53bbc528aec81e78262ed7/window/current/size) with response {
   "sessionId": "a667fff77b53bbc528aec81e78262ed7",
   "status": 0,
   "value": {

   }
}

[10.648][FINE]:     Command received (/session/a667fff77b53bbc528aec81e78262ed7/screenshot)
[10.648][FINER]:    Waiting for all views to stop loading...
[10.650][FINER]:    Done waiting for all views to stop loading
[13.538][FINER]:    Waiting for all views to stop loading...
[13.621][FINER]:    Done waiting for all views to stop loading
[13.621][FINE]:     Command finished (/session/a667fff77b53bbc528aec81e78262ed7/screenshot) with response {
   "sessionId": "a667fff77b53bbc528aec81e78262ed7",
   "status": 0,
   "value": "iVBORw0KGgoAAAANSUhEUgAABAMAAE/TCAIAAADJ7kjVAAAgAElEQVR4nOzdd3wcxd0w8N/M1uvqvbnKTTbgAraxLZohgE0xz..."
}

[14.153][FINE]:     Command received (/session/a667fff77b53bbc528aec81e78262ed7/execute_async) with params {
   "args": [  ],
   "script": "function func_dump() {\n\tvar script = document.createElement('script');\n\tscript.type = \"text/javas..."
}

[14.153][FINER]:    Waiting for all views to stop loading...
[14.153][FINER]:    Done waiting for all views to stop loading
[14.178][FINER]:    Waiting for all views to stop loading...
[14.179][FINER]:    Done waiting for all views to stop loading
[14.179][FINE]:     Command finished (/session/a667fff77b53bbc528aec81e78262ed7/execute_async) with response {
   "sessionId": "a667fff77b53bbc528aec81e78262ed7",
   "status": 0,
   "value": null
}

[14.185][FINE]:     Command received (/session/a667fff77b53bbc528aec81e78262ed7/execute) with params {
   "args": [  ],
   "script": "return dump_loaded!=undefined;"
}

[14.185][FINER]:    Waiting for all views to stop loading...
[14.200][FINER]:    Done waiting for all views to stop loading
[14.222][FINER]:    Waiting for all views to stop loading...
[14.223][FINER]:    Done waiting for all views to stop loading
[14.223][FINE]:     Command finished (/session/a667fff77b53bbc528aec81e78262ed7/execute) with response {
   "sessionId": "a667fff77b53bbc528aec81e78262ed7",
   "status": 0,
   "value": true
}

[14.727][FINE]:     Command received (/session/a667fff77b53bbc528aec81e78262ed7/execute) with params {
   "args": [  ],
   "script": "return dump_start();"
}

[14.727][FINER]:    Waiting for all views to stop loading...
[14.728][FINER]:    Done waiting for all views to stop loading
[26.930][FINER]:    Waiting for all views to stop loading...
[26.931][FINER]:    Done waiting for all views to stop loading
[26.932][FINE]:     Command finished (/session/a667fff77b53bbc528aec81e78262ed7/execute) with response {
   "sessionId": "a667fff77b53bbc528aec81e78262ed7",
   "status": 0,
   "value": "\u003CHTML  uid='1' id='element-1' elem_left='0' elem_top='0' elem_width='1001' elem_height='687' clas..."
}

[27.156][FINE]:     Command received (/session/a667fff77b53bbc528aec81e78262ed7/source)
[27.156][FINER]:    Waiting for all views to stop loading...
[27.163][FINER]:    Done waiting for all views to stop loading
[27.361][FINER]:    Waiting for all views to stop loading...
[27.362][FINER]:    Done waiting for all views to stop loading
[27.362][FINE]:     Command finished (/session/a667fff77b53bbc528aec81e78262ed7/source) with response {
   "sessionId": "a667fff77b53bbc528aec81e78262ed7",
   "status": 0,
   "value": "\u003C!DOCTYPE html\u003E\u003Chtml lang=\"en\" dir=\"ltr\" class=\"client-js\"\u003E\u003Chead style=\"\"\u003E\n\u003Cmeta charset=\"UTF-8\" ..."
}

[27.460][FINE]:     Command received (/session/a667fff77b53bbc528aec81e78262ed7/window)
[28.105][INFO]:     Chrome shutdown
